<?xml version="1.0" encoding="UTF-8"?>
<testsuite name="com.forgerock.FilterSpec" tests="1" skipped="0" failures="0" errors="0" timestamp="2021-07-01T14:15:51" hostname="OSTML0231644" time="0.116">
  <properties/>
  <testcase name="Filter a list of users whose role is administrator" classname="com.forgerock.FilterSpec" time="0.116"/>
  <system-out><![CDATA[]]></system-out>
  <system-err><![CDATA[]]></system-err>
</testsuite>
